{"name": "test_CloseCaseOpenCloseCasePopup[chrome]", "status": "broken", "statusDetails": {"message": "selenium.common.exceptions.TimeoutException: Message: \nStacktrace:\n\tGetHandleVerifier [0x00EE8C93+51395]\n\t(No symbol) [0x00E55EF1]\n\t(No symbol) [0x00D0E13A]\n\t(No symbol) [0x00D462BB]\n\t(No symbol) [0x00D463EB]\n\t(No symbol) [0x00D7C162]\n\t(No symbol) [0x00D63ED4]\n\t(No symbol) [0x00D7A570]\n\t(No symbol) [0x00D63C26]\n\t(No symbol) [0x00D3C629]\n\t(No symbol) [0x00D3D40D]\n\tGetHandleVerifier [0x01266453+3711107]\n\tGetHandleVerifier [0x012A583A+3970154]\n\tGetHandleVerifier [0x012A0B28+3950424]\n\tGetHandleVerifier [0x00F99C99+776393]\n\t(No symbol) [0x00E616C4]\n\t(No symbol) [0x00E5C5A8]\n\t(No symbol) [0x00E5C759]\n\t(No symbol) [0x00E4DD80]\n\tBaseThreadInitThunk [0x76277BA9+25]\n\tRtlInitializeExceptionChain [0x77CEBD2B+107]\n\tRtlClearBits [0x77CEBCAF+191]", "trace": "self = <TestClasses.test_CloseCase.Test_CloseCase object at 0x000001EEA6A36090>\n\n    def test_CloseCaseOpenCloseCasePopup(self):\n        self.closeCase_Page = CloseCasePage(self.driver)\n>       self.closeCase_Page.test_CloseCaseOpenCloseCasePopup()\n\nTests\\TestClasses\\test_CloseCase.py:14: \n_ _ _ _ _ _ _ _ _ _ _ _ _ _ _ _ _ _ _ _ _ _ _ _ _ _ _ _ _ _ _ _ _ _ _ _ _ _ _ _ _ _ _ _ _ _ _ _ _ _ _ _ _ _ _ _ _ _ _ _ _ _ _ _ _ _ _ _ _ _ _ _ _ _ _ _ _ _ _ _ _ _ _ _ _ _ _ \nTests\\Pages\\CloseCasePage.py:47: in test_CloseCaseOpenCloseCasePopup\n    self.login_page.login_Agency(TestData.USERNAME,TestData.PASSWORD)\nTests\\Pages\\LoginPage.py:35: in login_Agency\n    self.do_waitForElement_PresenceLocated(self.plusIconToCECRM)\nTests\\Pages\\BasePage.py:17: in do_waitForElement_PresenceLocated\n    WebDriverWait(self.driver, 60).until(EC.presence_of_element_located(by_locator))\n_ _ _ _ _ _ _ _ _ _ _ _ _ _ _ _ _ _ _ _ _ _ _ _ _ _ _ _ _ _ _ _ _ _ _ _ _ _ _ _ _ _ _ _ _ _ _ _ _ _ _ _ _ _ _ _ _ _ _ _ _ _ _ _ _ _ _ _ _ _ _ _ _ _ _ _ _ _ _ _ _ _ _ _ _ _ _ \n\nself = <selenium.webdriver.support.wait.WebDriverWait (session=\"6bdc70d85e6a419f00038e443c31815d\")>\nmethod = <function presence_of_element_located.<locals>._predicate at 0x000001EEA6A1BD80>, message = ''\n\n    def until(self, method, message: str = \"\"):\n        \"\"\"Calls the method provided with the driver as an argument until the \\\n        return value does not evaluate to ``False``.\n    \n        :param method: callable(WebDriver)\n        :param message: optional message for :exc:`TimeoutException`\n        :returns: the result of the last call to `method`\n        :raises: :exc:`selenium.common.exceptions.TimeoutException` if timeout occurs\n        \"\"\"\n        screen = None\n        stacktrace = None\n    \n        end_time = time.monotonic() + self._timeout\n        while True:\n            try:\n                value = method(self._driver)\n                if value:\n                    return value\n            except self._ignored_exceptions as exc:\n                screen = getattr(exc, \"screen\", None)\n                stacktrace = getattr(exc, \"stacktrace\", None)\n            time.sleep(self._poll)\n            if time.monotonic() > end_time:\n                break\n>       raise TimeoutException(message, screen, stacktrace)\nE       selenium.common.exceptions.TimeoutException: Message: \nE       Stacktrace:\nE       \tGetHandleVerifier [0x00EE8C93+51395]\nE       \t(No symbol) [0x00E55EF1]\nE       \t(No symbol) [0x00D0E13A]\nE       \t(No symbol) [0x00D462BB]\nE       \t(No symbol) [0x00D463EB]\nE       \t(No symbol) [0x00D7C162]\nE       \t(No symbol) [0x00D63ED4]\nE       \t(No symbol) [0x00D7A570]\nE       \t(No symbol) [0x00D63C26]\nE       \t(No symbol) [0x00D3C629]\nE       \t(No symbol) [0x00D3D40D]\nE       \tGetHandleVerifier [0x01266453+3711107]\nE       \tGetHandleVerifier [0x012A583A+3970154]\nE       \tGetHandleVerifier [0x012A0B28+3950424]\nE       \tGetHandleVerifier [0x00F99C99+776393]\nE       \t(No symbol) [0x00E616C4]\nE       \t(No symbol) [0x00E5C5A8]\nE       \t(No symbol) [0x00E5C759]\nE       \t(No symbol) [0x00E4DD80]\nE       \tBaseThreadInitThunk [0x76277BA9+25]\nE       \tRtlInitializeExceptionChain [0x77CEBD2B+107]\nE       \tRtlClearBits [0x77CEBCAF+191]\n\n..\\..\\AppData\\Local\\Programs\\Python\\Python311\\Lib\\site-packages\\selenium\\webdriver\\support\\wait.py:95: TimeoutException"}, "parameters": [{"name": "init_driver", "value": "'chrome'"}], "start": 1709287282349, "stop": 1709287353426, "uuid": "dd97ac11-c64d-433e-b894-c2697acf87cb", "historyId": "906c8ec353fa5890219caebe7790eb9a", "testCaseId": "f4e4899a975b3e2d526dbd2507b40af8", "fullName": "Tests.TestClasses.test_CloseCase.Test_CloseCase#test_CloseCaseOpenCloseCasePopup", "labels": [{"name": "tag", "value": "@pytest.mark.usefixtures('init_driver', 'log_on_failure')"}, {"name": "parentSuite", "value": "Tests.TestClasses"}, {"name": "suite", "value": "test_CloseCase"}, {"name": "subSuite", "value": "Test_CloseCase"}, {"name": "host", "value": "DESKTOP-ABJFIHD"}, {"name": "thread", "value": "25928-MainThread"}, {"name": "framework", "value": "pytest"}, {"name": "language", "value": "cpython3"}, {"name": "package", "value": "Tests.TestClasses.test_CloseCase"}]}